app/build/intermediates/manifest_merge_blame_file/debug/manifest-merger-blame-debug-report.txt
1<?xml version="1.0" encoding="utf-8"?>
2<manifest xmlns:android="http://schemas.android.com/apk/res/android"
3    package="com.example.openboxapp"
4    android:versionCode="1"
5    android:versionName="1.0" >
6
7    <uses-sdk
8        android:minSdkVersion="21"
8-->src/main/AndroidManifest.xml
9        android:targetSdkVersion="32" />
9-->src/main/AndroidManifest.xml
10
11    <application
11-->src/main/AndroidManifest.xml:6:5-46:19
12        android:allowBackup="true"
12-->src/main/AndroidManifest.xml:7:9-35
13        android:appComponentFactory="androidx.core.app.CoreComponentFactory"
13-->[androidx.core:core:1.8.0] AndroidManifest.xml:24:18-86
14        android:dataExtractionRules="@xml/data_extraction_rules"
14-->src/main/AndroidManifest.xml:8:9-65
15        android:debuggable="true"
16        android:fullBackupContent="@xml/backup_rules"
16-->src/main/AndroidManifest.xml:9:9-54
17        android:icon="@mipmap/ic_launcher"
17-->src/main/AndroidManifest.xml:10:9-43
18        android:label="@string/app_name"
18-->src/main/AndroidManifest.xml:11:9-41
19        android:roundIcon="@mipmap/ic_launcher_round"
19-->src/main/AndroidManifest.xml:12:9-54
20        android:supportsRtl="true"
20-->src/main/AndroidManifest.xml:13:9-35
21        android:testOnly="true"
22        android:theme="@style/Theme.OpenBoxApp" >
22-->src/main/AndroidManifest.xml:14:9-48
23        <activity
23-->src/main/AndroidManifest.xml:16:9-24:20
24            android:name="com.example.openboxapp.activity.MenuActivity"
24-->src/main/AndroidManifest.xml:17:13-50
25            android:exported="true" >
25-->src/main/AndroidManifest.xml:18:13-36
26            <intent-filter>
26-->src/main/AndroidManifest.xml:19:13-23:29
27                <action android:name="android.intent.action.MAIN" />
27-->src/main/AndroidManifest.xml:20:17-69
27-->src/main/AndroidManifest.xml:20:25-66
28
29                <category android:name="android.intent.category.LAUNCHER" />
29-->src/main/AndroidManifest.xml:22:17-77
29-->src/main/AndroidManifest.xml:22:27-74
30            </intent-filter>
31        </activity>
32        <activity
32-->src/main/AndroidManifest.xml:26:9-29:67
33            android:name="com.example.openboxapp.activity.BoxSelectionActivity"
33-->src/main/AndroidManifest.xml:27:13-58
34            android:label="About"
34-->src/main/AndroidManifest.xml:28:13-34
35            android:parentActivityName="com.example.openboxapp.activity.MenuActivity" />
35-->src/main/AndroidManifest.xml:29:13-64
36        <activity
36-->src/main/AndroidManifest.xml:31:9-34:67
37            android:name="com.example.openboxapp.activity.AboutActivity"
37-->src/main/AndroidManifest.xml:32:13-51
38            android:label="About"
38-->src/main/AndroidManifest.xml:33:13-34
39            android:parentActivityName="com.example.openboxapp.activity.MenuActivity" />
39-->src/main/AndroidManifest.xml:34:13-64
40        <activity
40-->src/main/AndroidManifest.xml:36:9-39:67
41            android:name="com.example.openboxapp.activity.OptionActivity"
41-->src/main/AndroidManifest.xml:37:13-52
42            android:label="Options"
42-->src/main/AndroidManifest.xml:38:13-36
43            android:parentActivityName="com.example.openboxapp.activity.MenuActivity" />
43-->src/main/AndroidManifest.xml:39:13-64
44        <activity
44-->src/main/AndroidManifest.xml:41:9-44:75
45            android:name="com.example.openboxapp.activity.SuccessActivity"
45-->src/main/AndroidManifest.xml:42:13-53
46            android:label="Options"
46-->src/main/AndroidManifest.xml:43:13-36
47            android:parentActivityName="com.example.openboxapp.activity.BoxSelectionActivity" />
47-->src/main/AndroidManifest.xml:44:13-72
48
49        <provider
49-->[androidx.emoji2:emoji2:1.2.0] AndroidManifest.xml:24:9-32:20
50            android:name="androidx.startup.InitializationProvider"
50-->[androidx.emoji2:emoji2:1.2.0] AndroidManifest.xml:25:13-67
51            android:authorities="com.example.openboxapp.androidx-startup"
51-->[androidx.emoji2:emoji2:1.2.0] AndroidManifest.xml:26:13-68
52            android:exported="false" >
52-->[androidx.emoji2:emoji2:1.2.0] AndroidManifest.xml:27:13-37
53            <meta-data
53-->[androidx.emoji2:emoji2:1.2.0] AndroidManifest.xml:29:13-31:52
54                android:name="androidx.emoji2.text.EmojiCompatInitializer"
54-->[androidx.emoji2:emoji2:1.2.0] AndroidManifest.xml:30:17-75
55                android:value="androidx.startup" />
55-->[androidx.emoji2:emoji2:1.2.0] AndroidManifest.xml:31:17-49
56            <meta-data
56-->[androidx.lifecycle:lifecycle-process:2.4.1] AndroidManifest.xml:31:13-33:52
57                android:name="androidx.lifecycle.ProcessLifecycleInitializer"
57-->[androidx.lifecycle:lifecycle-process:2.4.1] AndroidManifest.xml:32:17-78
58                android:value="androidx.startup" />
58-->[androidx.lifecycle:lifecycle-process:2.4.1] AndroidManifest.xml:33:17-49
59        </provider>
60    </application>
61
62</manifest>